<?xml version="1.0" encoding="UTF-8"?>
<!-- Generated by org.testng.reporters.JUnitReportReporter -->
<testsuite hostname="DESKTOP-6894EN5" failures="0" tests="2" name="testng_demo.new_groups" time="0.021" errors="0" timestamp="2022-10-31T09:39:14 IST" skipped="0">
  <testcase classname="testng_demo.new_groups" name="tc2" time="0.016"/>
  <system-out/>
  <testcase classname="testng_demo.new_groups" name="tc4" time="0.005"/>
  <system-out/>
</testsuite> <!-- testng_demo.new_groups -->
