<?xml version="1.0" encoding="UTF-8"?>
<!-- Generated by org.testng.reporters.JUnitReportReporter -->
<testsuite hostname="DESKTOP-6894EN5" failures="0" tests="2" name="testng_demo.dataprovider" time="45.460" errors="0" timestamp="2022-11-07T18:38:40 IST" skipped="0">
  <testcase classname="testng_demo.dataprovider" name="f" time="23.769"/>
  <system-out/>
  <testcase classname="testng_demo.dataprovider" name="f" time="21.691"/>
  <system-out/>
</testsuite> <!-- testng_demo.dataprovider -->
